<?xml version="1.0" encoding="UTF-8"?>
<!-- Generated by org.testng.reporters.JUnitReportReporter -->
<testsuite hostname="DESKTOP-721SLGV" failures="0" tests="1" name="Test_Scripts.TC_Register_002" time="3.558" errors="0" timestamp="2022-08-01T10:39:14 IST" skipped="0">
  <testcase classname="Test_Scripts.TC_Register_002" name="Register" time="3.558"/>
  <system-out>
    <![CDATA[clicked on registration link
User clicked radio button successfully
User enter the firstname successfully
User enter last name successfully
User enter the email id successfully
User enter the password successfully
User confirm the successfully
User click on registration button]]>
  </system-out>
</testsuite> <!-- Test_Scripts.TC_Register_002 -->
