<?xml version="1.0" encoding="UTF-8"?>
<!-- Generated by org.testng.reporters.JUnitReportReporter -->
<testsuite hostname="DESKTOP-721SLGV" failures="0" tests="1" name="POM_Repository.TC_Login_001" time="5.490" errors="0" timestamp="2022-07-24T22:53:54 IST" skipped="0">
  <testcase classname="POM_Repository.TC_Login_001" name="login" time="5.490"/>
  <system-out/>
</testsuite> <!-- POM_Repository.TC_Login_001 -->
