<?xml version="1.0" encoding="UTF-8"?>
<!-- Generated by org.testng.reporters.JUnitReportReporter -->
<testsuite hostname="DESKTOP-721SLGV" failures="0" tests="1" name="POM_Repository.TC_Computer_003" time="27.200" errors="0" timestamp="2022-07-25T17:00:07 IST" skipped="0">
  <testcase classname="POM_Repository.TC_Computer_003" name="computer" time="27.200"/>
  <system-out/>
</testsuite> <!-- POM_Repository.TC_Computer_003 -->
