<?xml version="1.0" encoding="UTF-8"?>
<!-- Generated by org.testng.reporters.JUnitReportReporter -->
<testsuite hostname="DESKTOP-721SLGV" failures="0" tests="1" name="Test_Scripts.TC_Search_005" time="2.791" errors="0" timestamp="2022-08-01T11:00:49 IST" skipped="0">
  <testcase classname="Test_Scripts.TC_Search_005" name="search" time="2.791"/>
  <system-out>
    <![CDATA[user entered searching element successfully
user click on submit button successfully]]>
  </system-out>
</testsuite> <!-- Test_Scripts.TC_Search_005 -->
