<?xml version="1.0" encoding="UTF-8"?>
<!-- Generated by org.testng.reporters.JUnitReportReporter -->
<testsuite hostname="DESKTOP-721SLGV" failures="0" tests="1" name="POM_Repository.TC_Books_004" time="16.155" errors="0" timestamp="2022-07-25T10:44:48 IST" skipped="0">
  <testcase classname="POM_Repository.TC_Books_004" name="books" time="16.155"/>
  <system-out/>
</testsuite> <!-- POM_Repository.TC_Books_004 -->
