<?xml version="1.0" encoding="UTF-8"?>
<!-- Generated by org.testng.reporters.JUnitReportReporter -->
<testsuite hostname="DESKTOP-721SLGV" failures="0" tests="1" name="POM_Repository.TC_Search_005" time="2.749" errors="0" timestamp="2022-07-25T10:35:34 IST" skipped="0">
  <testcase classname="POM_Repository.TC_Search_005" name="search" time="2.749"/>
  <system-out/>
</testsuite> <!-- POM_Repository.TC_Search_005 -->
