<?xml version="1.0" encoding="UTF-8"?>
<!-- Generated by org.testng.reporters.JUnitReportReporter -->
<testsuite hostname="DESKTOP-721SLGV" failures="0" tests="1" name="POM_Repository.TC_Register_002" time="2.843" errors="0" timestamp="2022-07-24T20:54:58 IST" skipped="0">
  <testcase classname="POM_Repository.TC_Register_002" name="Register" time="2.843"/>
  <system-out/>
</testsuite> <!-- POM_Repository.TC_Register_002 -->
