<?xml version="1.0" encoding="UTF-8"?>
<!-- Generated by org.testng.reporters.JUnitReportReporter -->
<testsuite hostname="DESKTOP-721SLGV" failures="0" tests="1" name="Test_Scripts.TC_Computer_003" time="30.655" errors="0" timestamp="2022-07-26T12:19:50 IST" skipped="0">
  <testcase classname="Test_Scripts.TC_Computer_003" name="computer" time="30.655"/>
  <system-out>
    <![CDATA[User clicked on computer successfully
User clicked on computer successfully
User clicked on add to cart successfully
User clicked on add to cart in cart page successfully
User clicked on shopping cart link  successfully]]>
  </system-out>
</testsuite> <!-- Test_Scripts.TC_Computer_003 -->
